<?xml version="1.0" encoding="UTF-8"?>
<!-- Generated by org.testng.reporters.JUnitReportReporter -->
<testsuite hostname="LAPTOP-9VVQ7FR4" failures="0" tests="2" name="TestNG1.Day4" time="0.011" errors="0" timestamp="2023-10-02T15:37:58 CDT" skipped="0">
  <testcase classname="TestNG1.Day4" name="testOne" time="0.006"/>
  <testcase classname="TestNG1.Day4" name="testTwo" time="0.005"/>
</testsuite> <!-- TestNG1.Day4 -->
