<?xml version="1.0" encoding="UTF-8"?>
<!-- Generated by org.testng.reporters.JUnitReportReporter -->
<testsuite hostname="LAPTOP-9VVQ7FR4" failures="0" tests="6" name="TestNG1.Day3" time="0.026" errors="0" timestamp="2023-10-02T14:39:02 CDT" skipped="0">
  <testcase classname="TestNG1.Day3" name="six" time="0.002"/>
  <testcase classname="TestNG1.Day3" name="five" time="0.012"/>
  <testcase classname="TestNG1.Day3" name="Testcase4" time="0.004"/>
  <testcase classname="TestNG1.Day3" name="Testcase3" time="0.003"/>
  <testcase classname="TestNG1.Day3" name="Testcase2" time="0.002"/>
  <testcase classname="TestNG1.Day3" name="Testcase1" time="0.003"/>
</testsuite> <!-- TestNG1.Day3 -->
