<?xml version="1.0" encoding="UTF-8"?>
<!-- Generated by org.testng.reporters.JUnitReportReporter -->
<testsuite hostname="LAPTOP-9VVQ7FR4" failures="0" tests="6" name="TestNG1.Day2A" time="0.018" errors="0" timestamp="2023-10-02T14:28:51 CDT" skipped="0">
  <testcase classname="TestNG1.Day2A" name="Testcase2" time="0.009"/>
  <testcase classname="TestNG1.Day2A" name="Testcase3" time="0.001"/>
  <testcase classname="TestNG1.Day2A" name="Testcase6" time="0.001"/>
  <testcase classname="TestNG1.Day2A" name="Testcase4" time="0.002"/>
  <testcase classname="TestNG1.Day2A" name="Testcase7" time="0.002"/>
  <testcase classname="TestNG1.Day2A" name="Testcase5" time="0.003"/>
</testsuite> <!-- TestNG1.Day2A -->
