<?xml version="1.0" encoding="UTF-8"?>
<!-- Generated by org.testng.reporters.JUnitReportReporter -->
<testsuite hostname="LAPTOP-9VVQ7FR4" failures="0" tests="1" name="TestNG1.Day2" time="0.012" errors="0" timestamp="2023-10-02T12:18:54 CDT" skipped="0">
  <testcase classname="TestNG1.Day2" name="Testcase1" time="0.012"/>
</testsuite> <!-- TestNG1.Day2 -->
